app/build/intermediates/manifest_merge_blame_file/debug/processDebugMainManifest/manifest-merger-blame-debug-report.txt
1<?xml version="1.0" encoding="utf-8"?>
2<manifest xmlns:android="http://schemas.android.com/apk/res/android"
3    package="com.wheredidikeepit.app"
4    android:versionCode="1"
5    android:versionName="1.0" >
6
7    <uses-sdk
8        android:minSdkVersion="24"
9        android:targetSdkVersion="35" />
10
11    <uses-permission android:name="android.permission.CAMERA" />
11-->src\main\AndroidManifest.xml:4:5-65
11-->src\main\AndroidManifest.xml:4:22-62
12
13    <uses-feature
13-->src\main\AndroidManifest.xml:5:5-85
14        android:name="android.hardware.camera"
14-->src\main\AndroidManifest.xml:5:19-57
15        android:required="false" />
15-->src\main\AndroidManifest.xml:5:58-82
16
17    <!-- For remote config -->
18    <uses-permission android:name="android.permission.ACCESS_NETWORK_STATE" />
18-->[com.google.mlkit:object-detection:17.0.2] AndroidManifest.xml:7:5-79
18-->[com.google.mlkit:object-detection:17.0.2] AndroidManifest.xml:7:22-76
19    <uses-permission android:name="android.permission.INTERNET" />
19-->[com.google.mlkit:object-detection:17.0.2] AndroidManifest.xml:8:5-67
19-->[com.google.mlkit:object-detection:17.0.2] AndroidManifest.xml:8:22-64
20
21    <permission
21-->[androidx.core:core:1.15.0] AndroidManifest.xml:22:5-24:47
22        android:name="com.wheredidikeepit.app.DYNAMIC_RECEIVER_NOT_EXPORTED_PERMISSION"
22-->[androidx.core:core:1.15.0] AndroidManifest.xml:23:9-81
23        android:protectionLevel="signature" />
23-->[androidx.core:core:1.15.0] AndroidManifest.xml:24:9-44
24
25    <uses-permission android:name="com.wheredidikeepit.app.DYNAMIC_RECEIVER_NOT_EXPORTED_PERMISSION" />
25-->[androidx.core:core:1.15.0] AndroidManifest.xml:26:5-97
25-->[androidx.core:core:1.15.0] AndroidManifest.xml:26:22-94
26
27    <application
27-->src\main\AndroidManifest.xml:7:5-34:19
28        android:allowBackup="true"
28-->src\main\AndroidManifest.xml:8:9-35
29        android:appComponentFactory="androidx.core.app.CoreComponentFactory"
29-->[androidx.core:core:1.15.0] AndroidManifest.xml:28:18-86
30        android:debuggable="true"
31        android:extractNativeLibs="false"
32        android:icon="@android:drawable/ic_menu_camera"
32-->src\main\AndroidManifest.xml:9:9-56
33        android:label="@string/app_name"
33-->src\main\AndroidManifest.xml:10:9-41
34        android:roundIcon="@android:drawable/ic_menu_camera"
34-->src\main\AndroidManifest.xml:11:9-61
35        android:supportsRtl="true"
35-->src\main\AndroidManifest.xml:12:9-35
36        android:theme="@style/Theme.WhereDidIKeepIt" >
36-->src\main\AndroidManifest.xml:13:9-53
37        <provider
37-->src\main\AndroidManifest.xml:15:9-23:20
38            android:name="androidx.core.content.FileProvider"
38-->src\main\AndroidManifest.xml:16:13-62
39            android:authorities="com.wheredidikeepit.app.fileprovider"
39-->src\main\AndroidManifest.xml:17:13-71
40            android:exported="false"
40-->src\main\AndroidManifest.xml:18:13-37
41            android:grantUriPermissions="true" >
41-->src\main\AndroidManifest.xml:19:13-47
42            <meta-data
42-->src\main\AndroidManifest.xml:20:13-22:54
43                android:name="android.support.FILE_PROVIDER_PATHS"
43-->src\main\AndroidManifest.xml:21:17-67
44                android:resource="@xml/file_paths" />
44-->src\main\AndroidManifest.xml:22:17-51
45        </provider>
46
47        <activity
47-->src\main\AndroidManifest.xml:25:9-33:20
48            android:name="com.wheredidikeepit.app.MainActivity"
48-->src\main\AndroidManifest.xml:26:13-41
49            android:exported="true"
49-->src\main\AndroidManifest.xml:27:13-36
50            android:theme="@style/Theme.WhereDidIKeepIt" >
50-->src\main\AndroidManifest.xml:28:13-57
51            <intent-filter>
51-->src\main\AndroidManifest.xml:29:13-32:29
52                <action android:name="android.intent.action.MAIN" />
52-->src\main\AndroidManifest.xml:30:17-69
52-->src\main\AndroidManifest.xml:30:25-66
53
54                <category android:name="android.intent.category.LAUNCHER" />
54-->src\main\AndroidManifest.xml:31:17-77
54-->src\main\AndroidManifest.xml:31:27-74
55            </intent-filter>
56        </activity>
57
58        <service
58-->[com.google.mlkit:image-labeling:17.0.9] AndroidManifest.xml:8:9-14:19
59            android:name="com.google.mlkit.common.internal.MlKitComponentDiscoveryService"
59-->[com.google.mlkit:image-labeling:17.0.9] AndroidManifest.xml:9:13-91
60            android:directBootAware="true"
60-->[com.google.mlkit:common:18.11.0] AndroidManifest.xml:17:13-43
61            android:exported="false" >
61-->[com.google.mlkit:image-labeling:17.0.9] AndroidManifest.xml:10:13-37
62            <meta-data
62-->[com.google.mlkit:image-labeling:17.0.9] AndroidManifest.xml:11:13-13:85
63                android:name="com.google.firebase.components:com.google.mlkit.vision.label.defaults.internal.BundledLabelRegistrar"
63-->[com.google.mlkit:image-labeling:17.0.9] AndroidManifest.xml:12:17-132
64                android:value="com.google.firebase.components.ComponentRegistrar" />
64-->[com.google.mlkit:image-labeling:17.0.9] AndroidManifest.xml:13:17-82
65            <meta-data
65-->[com.google.mlkit:image-labeling-custom:17.0.3] AndroidManifest.xml:11:13-13:85
66                android:name="com.google.firebase.components:com.google.mlkit.vision.label.custom.internal.CustomLabelRegistrar"
66-->[com.google.mlkit:image-labeling-custom:17.0.3] AndroidManifest.xml:12:17-129
67                android:value="com.google.firebase.components.ComponentRegistrar" />
67-->[com.google.mlkit:image-labeling-custom:17.0.3] AndroidManifest.xml:13:17-82
68            <meta-data
68-->[com.google.mlkit:object-detection:17.0.2] AndroidManifest.xml:14:13-16:85
69                android:name="com.google.firebase.components:com.google.mlkit.vision.objects.defaults.internal.DefaultObjectsRegistrar"
69-->[com.google.mlkit:object-detection:17.0.2] AndroidManifest.xml:15:17-136
70                android:value="com.google.firebase.components.ComponentRegistrar" />
70-->[com.google.mlkit:object-detection:17.0.2] AndroidManifest.xml:16:17-82
71            <meta-data
71-->[com.google.mlkit:vision-internal-vkp:18.2.3] AndroidManifest.xml:14:13-16:85
72                android:name="com.google.firebase.components:com.google.mlkit.vision.vkp.VkpRegistrar"
72-->[com.google.mlkit:vision-internal-vkp:18.2.3] AndroidManifest.xml:15:17-103
73                android:value="com.google.firebase.components.ComponentRegistrar" />
73-->[com.google.mlkit:vision-internal-vkp:18.2.3] AndroidManifest.xml:16:17-82
74            <meta-data
74-->[com.google.mlkit:vision-common:17.3.0] AndroidManifest.xml:12:13-14:85
75                android:name="com.google.firebase.components:com.google.mlkit.vision.common.internal.VisionCommonRegistrar"
75-->[com.google.mlkit:vision-common:17.3.0] AndroidManifest.xml:13:17-124
76                android:value="com.google.firebase.components.ComponentRegistrar" />
76-->[com.google.mlkit:vision-common:17.3.0] AndroidManifest.xml:14:17-82
77            <meta-data
77-->[com.google.mlkit:common:18.11.0] AndroidManifest.xml:20:13-22:85
78                android:name="com.google.firebase.components:com.google.mlkit.common.internal.CommonComponentRegistrar"
78-->[com.google.mlkit:common:18.11.0] AndroidManifest.xml:21:17-120
79                android:value="com.google.firebase.components.ComponentRegistrar" />
79-->[com.google.mlkit:common:18.11.0] AndroidManifest.xml:22:17-82
80        </service>
81
82        <provider
82-->[com.google.mlkit:common:18.11.0] AndroidManifest.xml:9:9-13:38
83            android:name="com.google.mlkit.common.internal.MlKitInitProvider"
83-->[com.google.mlkit:common:18.11.0] AndroidManifest.xml:10:13-78
84            android:authorities="com.wheredidikeepit.app.mlkitinitprovider"
84-->[com.google.mlkit:common:18.11.0] AndroidManifest.xml:11:13-69
85            android:exported="false"
85-->[com.google.mlkit:common:18.11.0] AndroidManifest.xml:12:13-37
86            android:initOrder="99" />
86-->[com.google.mlkit:common:18.11.0] AndroidManifest.xml:13:13-35
87
88        <activity
88-->[com.google.android.gms:play-services-base:18.5.0] AndroidManifest.xml:5:9-173
89            android:name="com.google.android.gms.common.api.GoogleApiActivity"
89-->[com.google.android.gms:play-services-base:18.5.0] AndroidManifest.xml:5:19-85
90            android:exported="false"
90-->[com.google.android.gms:play-services-base:18.5.0] AndroidManifest.xml:5:146-170
91            android:theme="@android:style/Theme.Translucent.NoTitleBar" />
91-->[com.google.android.gms:play-services-base:18.5.0] AndroidManifest.xml:5:86-145
92
93        <meta-data
93-->[com.google.android.gms:play-services-basement:18.4.0] AndroidManifest.xml:6:9-122
94            android:name="com.google.android.gms.version"
94-->[com.google.android.gms:play-services-basement:18.4.0] AndroidManifest.xml:6:20-65
95            android:value="@integer/google_play_services_version" />
95-->[com.google.android.gms:play-services-basement:18.4.0] AndroidManifest.xml:6:66-119
96
97        <provider
97-->[androidx.emoji2:emoji2:1.3.0] AndroidManifest.xml:24:9-32:20
98            android:name="androidx.startup.InitializationProvider"
98-->[androidx.emoji2:emoji2:1.3.0] AndroidManifest.xml:25:13-67
99            android:authorities="com.wheredidikeepit.app.androidx-startup"
99-->[androidx.emoji2:emoji2:1.3.0] AndroidManifest.xml:26:13-68
100            android:exported="false" >
100-->[androidx.emoji2:emoji2:1.3.0] AndroidManifest.xml:27:13-37
101            <meta-data
101-->[androidx.emoji2:emoji2:1.3.0] AndroidManifest.xml:29:13-31:52
102                android:name="androidx.emoji2.text.EmojiCompatInitializer"
102-->[androidx.emoji2:emoji2:1.3.0] AndroidManifest.xml:30:17-75
103                android:value="androidx.startup" />
103-->[androidx.emoji2:emoji2:1.3.0] AndroidManifest.xml:31:17-49
104            <meta-data
104-->[androidx.lifecycle:lifecycle-process:2.8.7] AndroidManifest.xml:29:13-31:52
105                android:name="androidx.lifecycle.ProcessLifecycleInitializer"
105-->[androidx.lifecycle:lifecycle-process:2.8.7] AndroidManifest.xml:30:17-78
106                android:value="androidx.startup" />
106-->[androidx.lifecycle:lifecycle-process:2.8.7] AndroidManifest.xml:31:17-49
107            <meta-data
107-->[androidx.profileinstaller:profileinstaller:1.3.1] AndroidManifest.xml:29:13-31:52
108                android:name="androidx.profileinstaller.ProfileInstallerInitializer"
108-->[androidx.profileinstaller:profileinstaller:1.3.1] AndroidManifest.xml:30:17-85
109                android:value="androidx.startup" />
109-->[androidx.profileinstaller:profileinstaller:1.3.1] AndroidManifest.xml:31:17-49
110        </provider>
111
112        <activity
112-->[androidx.compose.ui:ui-test-manifest:1.7.5] AndroidManifest.xml:23:9-25:39
113            android:name="androidx.activity.ComponentActivity"
113-->[androidx.compose.ui:ui-test-manifest:1.7.5] AndroidManifest.xml:24:13-63
114            android:exported="true" />
114-->[androidx.compose.ui:ui-test-manifest:1.7.5] AndroidManifest.xml:25:13-36
115        <activity
115-->[androidx.compose.ui:ui-tooling-android:1.7.5] AndroidManifest.xml:23:9-25:39
116            android:name="androidx.compose.ui.tooling.PreviewActivity"
116-->[androidx.compose.ui:ui-tooling-android:1.7.5] AndroidManifest.xml:24:13-71
117            android:exported="true" />
117-->[androidx.compose.ui:ui-tooling-android:1.7.5] AndroidManifest.xml:25:13-36
118
119        <service
119-->[androidx.room:room-runtime:2.6.1] AndroidManifest.xml:24:9-28:63
120            android:name="androidx.room.MultiInstanceInvalidationService"
120-->[androidx.room:room-runtime:2.6.1] AndroidManifest.xml:25:13-74
121            android:directBootAware="true"
121-->[androidx.room:room-runtime:2.6.1] AndroidManifest.xml:26:13-43
122            android:exported="false" />
122-->[androidx.room:room-runtime:2.6.1] AndroidManifest.xml:27:13-37
123        <service
123-->[com.google.android.datatransport:transport-backend-cct:2.3.3] AndroidManifest.xml:29:9-35:19
124            android:name="com.google.android.datatransport.runtime.backends.TransportBackendDiscovery"
124-->[com.google.android.datatransport:transport-backend-cct:2.3.3] AndroidManifest.xml:30:13-103
125            android:exported="false" >
125-->[com.google.android.datatransport:transport-backend-cct:2.3.3] AndroidManifest.xml:31:13-37
126            <meta-data
126-->[com.google.android.datatransport:transport-backend-cct:2.3.3] AndroidManifest.xml:32:13-34:39
127                android:name="backend:com.google.android.datatransport.cct.CctBackendFactory"
127-->[com.google.android.datatransport:transport-backend-cct:2.3.3] AndroidManifest.xml:33:17-94
128                android:value="cct" />
128-->[com.google.android.datatransport:transport-backend-cct:2.3.3] AndroidManifest.xml:34:17-36
129        </service>
130        <service
130-->[com.google.android.datatransport:transport-runtime:2.2.6] AndroidManifest.xml:26:9-30:19
131            android:name="com.google.android.datatransport.runtime.scheduling.jobscheduling.JobInfoSchedulerService"
131-->[com.google.android.datatransport:transport-runtime:2.2.6] AndroidManifest.xml:27:13-117
132            android:exported="false"
132-->[com.google.android.datatransport:transport-runtime:2.2.6] AndroidManifest.xml:28:13-37
133            android:permission="android.permission.BIND_JOB_SERVICE" >
133-->[com.google.android.datatransport:transport-runtime:2.2.6] AndroidManifest.xml:29:13-69
134        </service>
135
136        <receiver
136-->[com.google.android.datatransport:transport-runtime:2.2.6] AndroidManifest.xml:32:9-34:40
137            android:name="com.google.android.datatransport.runtime.scheduling.jobscheduling.AlarmManagerSchedulerBroadcastReceiver"
137-->[com.google.android.datatransport:transport-runtime:2.2.6] AndroidManifest.xml:33:13-132
138            android:exported="false" />
138-->[com.google.android.datatransport:transport-runtime:2.2.6] AndroidManifest.xml:34:13-37
139        <receiver
139-->[androidx.profileinstaller:profileinstaller:1.3.1] AndroidManifest.xml:34:9-52:20
140            android:name="androidx.profileinstaller.ProfileInstallReceiver"
140-->[androidx.profileinstaller:profileinstaller:1.3.1] AndroidManifest.xml:35:13-76
141            android:directBootAware="false"
141-->[androidx.profileinstaller:profileinstaller:1.3.1] AndroidManifest.xml:36:13-44
142            android:enabled="true"
142-->[androidx.profileinstaller:profileinstaller:1.3.1] AndroidManifest.xml:37:13-35
143            android:exported="true"
143-->[androidx.profileinstaller:profileinstaller:1.3.1] AndroidManifest.xml:38:13-36
144            android:permission="android.permission.DUMP" >
144-->[androidx.profileinstaller:profileinstaller:1.3.1] AndroidManifest.xml:39:13-57
145            <intent-filter>
145-->[androidx.profileinstaller:profileinstaller:1.3.1] AndroidManifest.xml:40:13-42:29
146                <action android:name="androidx.profileinstaller.action.INSTALL_PROFILE" />
146-->[androidx.profileinstaller:profileinstaller:1.3.1] AndroidManifest.xml:41:17-91
146-->[androidx.profileinstaller:profileinstaller:1.3.1] AndroidManifest.xml:41:25-88
147            </intent-filter>
148            <intent-filter>
148-->[androidx.profileinstaller:profileinstaller:1.3.1] AndroidManifest.xml:43:13-45:29
149                <action android:name="androidx.profileinstaller.action.SKIP_FILE" />
149-->[androidx.profileinstaller:profileinstaller:1.3.1] AndroidManifest.xml:44:17-85
149-->[androidx.profileinstaller:profileinstaller:1.3.1] AndroidManifest.xml:44:25-82
150            </intent-filter>
151            <intent-filter>
151-->[androidx.profileinstaller:profileinstaller:1.3.1] AndroidManifest.xml:46:13-48:29
152                <action android:name="androidx.profileinstaller.action.SAVE_PROFILE" />
152-->[androidx.profileinstaller:profileinstaller:1.3.1] AndroidManifest.xml:47:17-88
152-->[androidx.profileinstaller:profileinstaller:1.3.1] AndroidManifest.xml:47:25-85
153            </intent-filter>
154            <intent-filter>
154-->[androidx.profileinstaller:profileinstaller:1.3.1] AndroidManifest.xml:49:13-51:29
155                <action android:name="androidx.profileinstaller.action.BENCHMARK_OPERATION" />
155-->[androidx.profileinstaller:profileinstaller:1.3.1] AndroidManifest.xml:50:17-95
155-->[androidx.profileinstaller:profileinstaller:1.3.1] AndroidManifest.xml:50:25-92
156            </intent-filter>
157        </receiver>
158    </application>
159
160</manifest>